<?xml version="1.0" encoding="UTF-8"?>
<testng-results ignored="0" total="1" passed="1" failed="0" skipped="0">
  <reporter-output>
  </reporter-output>
  <suite started-at="2024-07-24T16:12:43 IST" name="Default suite" finished-at="2024-07-24T16:12:48 IST" duration-ms="4786">
    <groups>
    </groups>
    <test started-at="2024-07-24T16:12:43 IST" name="Default test" finished-at="2024-07-24T16:12:48 IST" duration-ms="4786">
      <class name="restasssured.Deleterequest">
        <test-method signature="test05()[pri:0, instance:restasssured.Deleterequest@506ae4d4]" started-at="2024-07-24T16:12:43 IST" name="test05" finished-at="2024-07-24T16:12:48 IST" duration-ms="4644" status="PASS">
          <reporter-output>
          </reporter-output>
        </test-method> <!-- test05 -->
      </class> <!-- restasssured.Deleterequest -->
    </test> <!-- Default test -->
  </suite> <!-- Default suite -->
</testng-results>
